  Corrector.cpp
C:\Users\princ\Downloads\quisodecirAlumnosVisual2022\quisodecirAlumnos\quisodecir\Corrector.cpp(57,18): warning C4018: '<': no coinciden signed/unsigned
  (compilando archivo de origen "/quisodecir/Corrector.cpp")
  
C:\Users\princ\Downloads\quisodecirAlumnosVisual2022\quisodecirAlumnos\quisodecir\Corrector.cpp(80,22): warning C4244: '=': conversión de 'wint_t' a 'char'; posible pérdida de datos
  (compilando archivo de origen "/quisodecir/Corrector.cpp")
  
C:\Users\princ\Downloads\quisodecirAlumnosVisual2022\quisodecirAlumnos\quisodecir\Corrector.cpp(38,6): warning C4101: 'esta': variable local sin referencia
  (compilando archivo de origen "/quisodecir/Corrector.cpp")
  
C:\Users\princ\Downloads\quisodecirAlumnosVisual2022\quisodecirAlumnos\quisodecir\Corrector.cpp(224,20): warning C4018: '<': no coinciden signed/unsigned
  (compilando archivo de origen "/quisodecir/Corrector.cpp")
  
C:\Users\princ\Downloads\quisodecirAlumnosVisual2022\quisodecirAlumnos\quisodecir\Corrector.cpp(233,16): warning C4018: '<': no coinciden signed/unsigned
  (compilando archivo de origen "/quisodecir/Corrector.cpp")
  
C:\Users\princ\Downloads\quisodecirAlumnosVisual2022\quisodecirAlumnos\quisodecir\Corrector.cpp(239,16): warning C4018: '<': no coinciden signed/unsigned
  (compilando archivo de origen "/quisodecir/Corrector.cpp")
  
C:\Users\princ\Downloads\quisodecirAlumnosVisual2022\quisodecirAlumnos\quisodecir\Corrector.cpp(250,16): warning C4018: '<': no coinciden signed/unsigned
  (compilando archivo de origen "/quisodecir/Corrector.cpp")
  
C:\Users\princ\Downloads\quisodecirAlumnosVisual2022\quisodecirAlumnos\quisodecir\Corrector.cpp(252,17): warning C4018: '<': no coinciden signed/unsigned
  (compilando archivo de origen "/quisodecir/Corrector.cpp")
  
C:\Users\princ\Downloads\quisodecirAlumnosVisual2022\quisodecirAlumnos\quisodecir\Corrector.cpp(268,16): warning C4018: '<': no coinciden signed/unsigned
  (compilando archivo de origen "/quisodecir/Corrector.cpp")
  
  CorrectorWin.vcxproj -> C:\Users\princ\Downloads\quisodecirAlumnosVisual2022\quisodecirAlumnos\Debug\CorrectorWin.exe
